#
# There is insufficient memory for the Java Runtime Environment to continue.
# Native memory allocation (mmap) failed to map 232783872 bytes. Error detail: G1 virtual space
# Possible reasons:
#   The system is out of physical RAM or swap space
#   This process is running with CompressedOops enabled, and the Java Heap may be blocking the growth of the native heap
# Possible solutions:
#   Reduce memory load on the system
#   Increase physical memory or swap space
#   Check if swap backing store is full
#   Decrease Java heap size (-Xmx/-Xms)
#   Decrease number of Java threads
#   Decrease Java thread stack sizes (-Xss)
#   Set larger code cache with -XX:ReservedCodeCacheSize=
#   JVM is running with Zero Based Compressed Oops mode in which the Java heap is
#     placed in the first 32GB address space. The Java Heap base address is the
#     maximum limit for the native heap growth. Please use -XX:HeapBaseMinAddress
#     to set the Java Heap base and to place the Java Heap above 32GB virtual address.
# This output file may be truncated or incomplete.
#
#  Out of Memory Error (os_windows.cpp:3564), pid=488, tid=37564
#
# JRE version:  (24.0+36) (build )
# Java VM: Java HotSpot(TM) 64-Bit Server VM (24+36-3646, mixed mode, sharing, tiered, compressed oops, compressed class ptrs, g1 gc, windows-amd64)
# No core dump will be written. Minidumps are not enabled by default on client versions of Windows
#

---------------  S U M M A R Y ------------

Command Line: -agentlib:jdwp=transport=dt_socket,address=127.0.0.1:53836,suspend=y,server=n -ea -agentpath:C:\Users\acces\AppData\Local\Temp\idea_libasyncProfiler_dll_temp_folder2\libasyncProfiler.dll=version,jfr,event=wall,interval=10ms,cstack=no,file=C:\Users\acces\IdeaSnapshots\AdapterTest_taskTest_2025_05_04_205425.jfr,dbghelppath=C:\Users\acces\AppData\Local\Temp\idea_dbghelp_dll_temp_folder1\dbghelp.dll,log=C:\Users\acces\AppData\Local\Temp\AdapterTest_taskTest_2025_05_04_205425.jfr.log.txt,logLevel=DEBUG -Didea.test.cyclic.buffer.size=1048576 -javaagent:C:\Users\acces\AppData\Local\JetBrains\IntelliJIdea2024.3\captureAgent\debugger-agent.jar -Dkotlinx.coroutines.debug.enable.creation.stack.trace=false -Ddebugger.agent.enable.coroutines=true -Dkotlinx.coroutines.debug.enable.flows.stack.trace=true -Dkotlinx.coroutines.debug.enable.mutable.state.flows.stack.trace=true -Dfile.encoding=UTF-8 -Dsun.stdout.encoding=UTF-8 -Dsun.stderr.encoding=UTF-8 com.intellij.rt.junit.JUnitStarter -ideVersion5 -junit4 @w@C:\Users\acces\AppData\Local\Temp\idea_working_dirs_junit.tmp @C:\Users\acces\AppData\Local\Temp\idea_junit.tmp

Host: AMD Ryzen 7 8845H w/ Radeon 780M Graphics, 16 cores, 13G,  Windows 11 , 64 bit Build 26100 (10.0.26100.3775)
Time: Sun May  4 20:54:27 2025  Windows 11 , 64 bit Build 26100 (10.0.26100.3775) elapsed time: 1.136749 seconds (0d 0h 0m 1s)

---------------  T H R E A D  ---------------

Current thread (0x0000029c991e0130):  JavaThread "Unknown thread" [_thread_in_vm, id=37564, stack(0x000000ed25a00000,0x000000ed25b00000) (1024K)]

Stack: [0x000000ed25a00000,0x000000ed25b00000]
Native frames: (J=compiled Java code, j=interpreted, Vv=VM code, C=native code)
V  [jvm.dll+0x7308c9]  (no source info available)
V  [jvm.dll+0x8d9ca3]  (no source info available)
V  [jvm.dll+0x8dc13d]  (no source info available)
V  [jvm.dll+0x8dc7b3]  (no source info available)
V  [jvm.dll+0x2aa046]  (no source info available)
V  [jvm.dll+0x72cdf5]  (no source info available)
V  [jvm.dll+0x72091a]  (no source info available)
V  [jvm.dll+0x390d8a]  (no source info available)
V  [jvm.dll+0x398a96]  (no source info available)
V  [jvm.dll+0x3852de]  (no source info available)
V  [jvm.dll+0x385598]  (no source info available)
V  [jvm.dll+0x35d16c]  (no source info available)
V  [jvm.dll+0x35de2d]  (no source info available)
V  [jvm.dll+0x89d41f]  (no source info available)
V  [jvm.dll+0x3f98fd]  (no source info available)
V  [jvm.dll+0x885a76]  (no source info available)
V  [jvm.dll+0x49604e]  (no source info available)
V  [jvm.dll+0x497e21]  (no source info available)
C  [jli.dll+0x52a1]  (no source info available)
C  [ucrtbase.dll+0x37b0]  (no source info available)
C  [KERNEL32.DLL+0x2e8d7]  (no source info available)
C  [ntdll.dll+0xb14fc]  (no source info available)

Lock stack of current Java thread (top to bottom):


---------------  P R O C E S S  ---------------

Threads class SMR info:
_java_thread_list=0x00007ffc2167f318, length=0, elements={
}

Java Threads: ( => current thread )
Total: 0

Other Threads:
  0x0000029ca25fbb50 WorkerThread "GC Thread#0"                     [id=37628, stack(0x000000ed25b00000,0x000000ed25c00000) (1024K)]
  0x0000029ca260ddf0 ConcurrentGCThread "G1 Main Marker"            [id=24472, stack(0x000000ed25c00000,0x000000ed25d00000) (1024K)]
  0x0000029ca2610d40 WorkerThread "G1 Conc#0"                       [id=15040, stack(0x000000ed25d00000,0x000000ed25e00000) (1024K)]

[error occurred during error reporting (printing all threads), id 0xc0000005, EXCEPTION_ACCESS_VIOLATION (0xc0000005) at pc=0x00007ffc20db158a]
VM state: not at safepoint (not fully initialized)

VM Mutex/Monitor currently owned by a thread:  ([mutex/lock_event])
[0x00007ffc217045c0] Heap_lock - owner thread: 0x0000029c991e0130

Heap address: 0x0000000723000000, size: 3536 MB, Compressed Oops mode: Zero based, Oop shift amount: 3

CDS archive(s) mapped at: [0x0000000000000000-0x0000000000000000-0x0000000000000000), size 0, SharedBaseAddress: 0x0000000800000000, ArchiveRelocationMode: 1.
UseCompressedClassPointers 1, UseCompactObjectHeaders 0
Narrow klass pointer bits 32, Max shift 3
Narrow klass base: 0xffffffffffffffff, Narrow klass shift: -1
Encoding Range: [0xffffffffffffffff - 0x000000007fffffff), (2147483648 bytes)
Klass Range:    [0x0000000000000000 - 0x0000000000000000), (0 bytes)
Klass ID Range:  [4294967295 - 0) (1)

GC Precious Log:
 CardTable entry size: 512
 Card Set container configuration: InlinePtr #cards 4 size 8 Array Of Cards #cards 16 size 48 Howl #buckets 8 coarsen threshold 3686 Howl Bitmap #cards 512 size 80 coarsen threshold 460 Card regions per heap region 1 cards per card region 4096

Heap:
 garbage-first heap   total reserved 3620864K, committed 0K, used 0K [0x0000000723000000, 0x0000000800000000)
  region size 2048K, 0 young (0K), 0 survivors (0K)

[error occurred during error reporting (printing heap information), id 0xc0000005, EXCEPTION_ACCESS_VIOLATION (0xc0000005) at pc=0x00007ffc211ce579]
GC Heap History (0 events):
No events

Dll operation events (2 events):
Event: 0.014 Loaded shared library D:\Program Files\Java\jdk-24\bin\java.dll
Event: 0.015 Loaded shared library D:\Program Files\Java\jdk-24\bin\zip.dll

Deoptimization events (0 events):
No events

Classes loaded (0 events):
No events

Classes unloaded (0 events):
No events

Classes redefined (0 events):
No events

Internal exceptions (0 events):
No events

VM Operations (0 events):
No events

Memory protections (0 events):
No events

Nmethod flushes (0 events):
No events

Events (0 events):
No events


Dynamic libraries:
0x00007ff6301c0000 - 0x00007ff6301d0000 	D:\Program Files\Java\jdk-24\bin\java.exe
0x00007ffca7b00000 - 0x00007ffca7d60000 	C:\Windows\SYSTEM32\ntdll.dll
0x00007ffca5980000 - 0x00007ffca5a47000 	C:\Windows\System32\KERNEL32.DLL
0x00007ffca4da0000 - 0x00007ffca516a000 	C:\Windows\System32\KERNELBASE.dll
0x00007ffca5700000 - 0x00007ffca584b000 	C:\Windows\System32\ucrtbase.dll
0x00007ffc92270000 - 0x00007ffc92286000 	D:\Program Files\Java\jdk-24\bin\jli.dll
0x00007ffc91b90000 - 0x00007ffc91bab000 	D:\Program Files\Java\jdk-24\bin\VCRUNTIME140.dll
0x00007ffca6910000 - 0x00007ffca6adc000 	C:\Windows\System32\USER32.dll
0x00007ffca5500000 - 0x00007ffca5527000 	C:\Windows\System32\win32u.dll
0x00007ffca7100000 - 0x00007ffca712a000 	C:\Windows\System32\GDI32.dll
0x00007ffc929e0000 - 0x00007ffc92c77000 	C:\Windows\WinSxS\amd64_microsoft.windows.common-controls_6595b64144ccf1df_6.0.26100.3624_none_3e086962e3345f24\COMCTL32.dll
0x00007ffca5530000 - 0x00007ffca5661000 	C:\Windows\System32\gdi32full.dll
0x00007ffca75f0000 - 0x00007ffca7699000 	C:\Windows\System32\msvcrt.dll
0x00007ffca5850000 - 0x00007ffca58f3000 	C:\Windows\System32\msvcp_win.dll
0x00007ffca5dc0000 - 0x00007ffca5def000 	C:\Windows\System32\IMM32.DLL
0x00007ffc91b20000 - 0x00007ffc91b2c000 	D:\Program Files\Java\jdk-24\bin\vcruntime140_1.dll
0x00007ffc57fa0000 - 0x00007ffc5802e000 	D:\Program Files\Java\jdk-24\bin\msvcp140.dll
0x00007ffc20a40000 - 0x00007ffc217e2000 	D:\Program Files\Java\jdk-24\bin\server\jvm.dll
0x00007ffca5a50000 - 0x00007ffca5b02000 	C:\Windows\System32\ADVAPI32.dll
0x00007ffca72b0000 - 0x00007ffca7356000 	C:\Windows\System32\sechost.dll
0x00007ffca5e10000 - 0x00007ffca5f26000 	C:\Windows\System32\RPCRT4.dll
0x00007ffca7130000 - 0x00007ffca71a4000 	C:\Windows\System32\WS2_32.dll
0x00007ffca4b30000 - 0x00007ffca4b8e000 	C:\Windows\SYSTEM32\POWRPROF.dll
0x00007ffc9d6c0000 - 0x00007ffc9d6cb000 	C:\Windows\SYSTEM32\VERSION.dll
0x00007ffc9d680000 - 0x00007ffc9d6b6000 	C:\Windows\SYSTEM32\WINMM.dll
0x00007ffca4b10000 - 0x00007ffca4b24000 	C:\Windows\SYSTEM32\UMPDC.dll
0x00007ffca3af0000 - 0x00007ffca3b0a000 	C:\Windows\SYSTEM32\kernel.appcore.dll
0x00007ffc86640000 - 0x00007ffc8664a000 	D:\Program Files\Java\jdk-24\bin\jimage.dll
0x00007ffca24e0000 - 0x00007ffca2721000 	C:\Windows\SYSTEM32\DBGHELP.DLL
0x00007ffca7730000 - 0x00007ffca7ab2000 	C:\Windows\System32\combase.dll
0x00007ffca5f30000 - 0x00007ffca6006000 	C:\Windows\System32\OLEAUT32.dll
0x00007ffc5d1d0000 - 0x00007ffc5d209000 	C:\Windows\SYSTEM32\dbgcore.DLL
0x00007ffca52e0000 - 0x00007ffca5379000 	C:\Windows\System32\bcryptPrimitives.dll
0x00007ffc91f20000 - 0x00007ffc91f5c000 	D:\Program Files\Java\jdk-24\bin\jdwp.dll
0x00007ffc480f0000 - 0x00007ffc482fe000 	C:\Users\acces\AppData\Local\Temp\idea_libasyncProfiler_dll_temp_folder2\libasyncProfiler.dll
0x00007ffc9f600000 - 0x00007ffc9f60f000 	D:\Program Files\Java\jdk-24\bin\instrument.dll
0x00007ffc919e0000 - 0x00007ffc919fe000 	D:\Program Files\Java\jdk-24\bin\java.dll
0x00007ffca6770000 - 0x00007ffca6906000 	C:\Windows\System32\ole32.dll
0x00007ffca6010000 - 0x00007ffca6739000 	C:\Windows\System32\SHELL32.dll
0x00007ffca5170000 - 0x00007ffca52d8000 	C:\Windows\System32\wintypes.dll
0x00007ffc7d070000 - 0x00007ffc7d087000 	D:\Program Files\Java\jdk-24\bin\zip.dll

dbghelp: loaded successfully - version: 4.0.5 - missing functions: none
symbol engine: initialized successfully - sym options: 0x614 - pdb path: .;D:\Program Files\Java\jdk-24\bin;C:\Windows\SYSTEM32;C:\Windows\WinSxS\amd64_microsoft.windows.common-controls_6595b64144ccf1df_6.0.26100.3624_none_3e086962e3345f24;D:\Program Files\Java\jdk-24\bin\server;C:\Users\acces\AppData\Local\Temp\idea_libasyncProfiler_dll_temp_folder2

VM Arguments:
jvm_args: -agentlib:jdwp=transport=dt_socket,address=127.0.0.1:53836,suspend=y,server=n -ea -agentpath:C:\Users\acces\AppData\Local\Temp\idea_libasyncProfiler_dll_temp_folder2\libasyncProfiler.dll=version,jfr,event=wall,interval=10ms,cstack=no,file=C:\Users\acces\IdeaSnapshots\AdapterTest_taskTest_2025_05_04_205425.jfr,dbghelppath=C:\Users\acces\AppData\Local\Temp\idea_dbghelp_dll_temp_folder1\dbghelp.dll,log=C:\Users\acces\AppData\Local\Temp\AdapterTest_taskTest_2025_05_04_205425.jfr.log.txt,logLevel=DEBUG -Didea.test.cyclic.buffer.size=1048576 -javaagent:C:\Users\acces\AppData\Local\JetBrains\IntelliJIdea2024.3\captureAgent\debugger-agent.jar -Dkotlinx.coroutines.debug.enable.creation.stack.trace=false -Ddebugger.agent.enable.coroutines=true -Dkotlinx.coroutines.debug.enable.flows.stack.trace=true -Dkotlinx.coroutines.debug.enable.mutable.state.flows.stack.trace=true -Dfile.encoding=UTF-8 -Dsun.stdout.encoding=UTF-8 -Dsun.stderr.encoding=UTF-8 
java_command: com.intellij.rt.junit.JUnitStarter -ideVersion5 -junit4 @w@C:\Users\acces\AppData\Local\Temp\idea_working_dirs_junit.tmp @C:\Users\acces\AppData\Local\Temp\idea_junit.tmp
java_class_path (initial): D:\Program Files\JetBrains\IntelliJ IDEA 2024.3.4.1\lib\idea_rt.jar;D:\Program Files\JetBrains\IntelliJ IDEA 2024.3.4.1\plugins\junit\lib\junit5-rt.jar;D:\Program Files\JetBrains\IntelliJ IDEA 2024.3.4.1\plugins\junit\lib\junit-rt.jar;D:\AccessOK\java\Java-Design-Patterns\target\test-classes;D:\AccessOK\java\Java-Design-Patterns\target\classes;C:\Users\acces\.m2\repository\junit\junit\4.13.2\junit-4.13.2.jar;C:\Users\acces\.m2\repository\org\hamcrest\hamcrest-core\1.3\hamcrest-core-1.3.jar
Launcher Type: SUN_STANDARD

[Global flags]
     intx CICompilerCount                          = 12                                        {product} {ergonomic}
     uint ConcGCThreads                            = 3                                         {product} {ergonomic}
     uint G1ConcRefinementThreads                  = 13                                        {product} {ergonomic}
   size_t G1HeapRegionSize                         = 2097152                                   {product} {ergonomic}
   size_t InitialHeapSize                          = 232783872                                 {product} {ergonomic}
   size_t MarkStackSize                            = 4194304                                   {product} {ergonomic}
   size_t MarkStackSizeMax                         = 536870912                                 {product} {ergonomic}
   size_t MaxHeapSize                              = 3707764736                                {product} {ergonomic}
   size_t MinHeapDeltaBytes                        = 2097152                                   {product} {ergonomic}
   size_t MinHeapSize                              = 8388608                                   {product} {ergonomic}
    uintx NonNMethodCodeHeapSize                   = 7602176                                {pd product} {ergonomic}
    uintx NonProfiledCodeHeapSize                  = 122093568                              {pd product} {ergonomic}
    uintx ProfiledCodeHeapSize                     = 121962496                              {pd product} {ergonomic}
    uintx ReservedCodeCacheSize                    = 251658240                              {pd product} {ergonomic}
     bool SegmentedCodeCache                       = true                                      {product} {ergonomic}
   size_t SoftMaxHeapSize                          = 3707764736                             {manageable} {ergonomic}
     bool UseCompressedOops                        = true                           {product lp64_product} {ergonomic}
     bool UseG1GC                                  = true                                      {product} {ergonomic}
     bool UseLargePagesIndividualAllocation        = false                                  {pd product} {ergonomic}

Logging:
Log output configuration:
 #0: stdout all=warning uptime,level,tags foldmultilines=false
 #1: stderr all=off uptime,level,tags foldmultilines=false

Environment Variables:
PATH=C:\Program Files\Common Files\Oracle\Java\javapath;C:\Program Files (x86)\Common Files\Oracle\Java\java8path;C:\Program Files (x86)\Common Files\Oracle\Java\javapath;C:\Windows\system32;C:\Windows;C:\Windows\System32\Wbem;C:\Windows\System32\WindowsPowerShell\v1.0\;C:\Windows\System32\OpenSSH\;D:\Program Files\Git\cmd;D:\Program Files\Go\bin;D:\Program Files\nodejs\;D:\Program Files\gradle-8.13\bin;D:\Program Files\apache-maven-3.9.9\bin;D:\Program Files\mingw64\bin;D:\Users\acces\AppData\Local\Programs\Python\Python312\Scripts\;D:\Users\acces\AppData\Local\Programs\Python\Python312\;C:\Users\acces\AppData\Local\Microsoft\WindowsApps;D:\Users\acces\AppData\Local\Programs\Microsoft VS Code\bin;D:\Program Files\JetBrains\IntelliJ IDEA 2024.3.4.1\bin;;D:\Program Files\JetBrains\GoLand 2024.3.5\bin;;D:\Program Files\JetBrains\PyCharm 2024.3.4\bin;;C:\Users\acces\go\bin;C:\Users\acces\AppData\Roaming\npm;D:\Program Files\gradle-8.13\bin;D:\Program Files\apache-maven-3.9.9\bin;D:\Program Files\mingw64\bin;
USERNAME=acces
OS=Windows_NT
PROCESSOR_IDENTIFIER=AMD64 Family 25 Model 117 Stepping 2, AuthenticAMD
TMP=C:\Users\acces\AppData\Local\Temp
TEMP=C:\Users\acces\AppData\Local\Temp




Periodic native trim disabled

---------------  S Y S T E M  ---------------

OS:
 Windows 11 , 64 bit Build 26100 (10.0.26100.3775)
OS uptime: 15 days 12:22 hours
Hyper-V role detected

CPU: total 16 (initial active 16) (16 cores per cpu, 2 threads per core) family 25 model 117 stepping 2 microcode 0xa705203, cx8, cmov, fxsr, ht, mmx, 3dnowpref, sse, sse2, sse3, ssse3, sse4a, sse4.1, sse4.2, popcnt, lzcnt, tsc, tscinvbit, avx, avx2, aes, erms, clmul, bmi1, bmi2, adx, avx512f, avx512dq, avx512cd, avx512bw, avx512vl, sha, fma, vzeroupper, avx512_vpopcntdq, avx512_vpclmulqdq, avx512_vaes, avx512_vnni, clflush, clflushopt, avx512_vbmi2, avx512_vbmi, hv, rdtscp, rdpid, fsrm, gfni, avx512_bitalg, f16c, cet_ss, avx512_ifma
Processor Information for the first 16 processors :
  Max Mhz: 3801, Current Mhz: 3801, Mhz Limit: 3801

Memory: 4k page, system-wide physical 14140M (810M free)
TotalPageFile size 39740M (AvailPageFile size 173M)
current process WorkingSet (physical memory assigned to process): 15M, peak: 15M
current process commit charge ("private bytes"): 82M, peak: 304M

vm_info: Java HotSpot(TM) 64-Bit Server VM (24+36-3646) for windows-amd64 JRE (24+36-3646), built on 2025-02-06T00:20:43Z with MS VC++ 17.6 (VS2022)

END.
